<?xml version="1.0" encoding="UTF-8"?>
<!-- Generated by org.testng.reporters.JUnitReportReporter -->
<testsuite hostname="LAPTOP-5Q67Q26T" failures="0" tests="1" name="packages.DashboardTest" time="5.298" errors="0" timestamp="20 Jul 2024 13:15:54 GMT" skipped="0">
  <testcase classname="packages.DashboardTest" name="testSignUp" time="5.298"/>
</testsuite> <!-- packages.DashboardTest -->
