<?xml version="1.0" encoding="UTF-8"?>
<!-- Generated by org.testng.reporters.JUnitReportReporter -->
<testsuite hostname="LAPTOP-5Q67Q26T" failures="0" tests="1" name="packages.DashboardTest" time="4.519" errors="0" timestamp="21 Jul 2024 16:37:44 GMT" skipped="0">
  <testcase classname="packages.DashboardTest" name="testSignUp" time="4.519"/>
</testsuite> <!-- packages.DashboardTest -->
